# JRE version: OpenJDK Runtime Environment (11.0.6+8) (build 11.0.6+8-b520.66)
# Java VM: OpenJDK 64-Bit Server VM (11.0.6+8-b520.66, mixed mode, tiered, compressed oops, g1 gc, windows-amd64)
Heap:
 garbage-first heap   total 131072K, used 25990K [0x0000000081a00000, 0x0000000100000000)
  region size 1024K, 17 young (17408K), 5 survivors (5120K)
 Metaspace       used 39105K, capacity 40475K, committed 40604K, reserved 1085440K
  class space    used 4735K, capacity 5309K, committed 5376K, reserved 1048576K
GC Heap History (16 events):
Event: 1.734 GC heap before
{Heap before GC invocations=0 (full 0):
 garbage-first heap   total 131072K, used 23552K [0x0000000081a00000, 0x0000000100000000)
  region size 1024K, 24 young (24576K), 0 survivors (0K)
 Metaspace       used 13679K, capacity 14038K, committed 14080K, reserved 1062912K
  class space    used 1401K, capacity 1509K, committed 1536K, reserved 1048576K
}
Event: 1.741 GC heap after
{Heap after GC invocations=1 (full 0):
 garbage-first heap   total 131072K, used 6160K [0x0000000081a00000, 0x0000000100000000)
  region size 1024K, 3 young (3072K), 3 survivors (3072K)
 Metaspace       used 13679K, capacity 14038K, committed 14080K, reserved 1062912K
  class space    used 1401K, capacity 1509K, committed 1536K, reserved 1048576K
}
Event: 2.239 GC heap before
{Heap before GC invocations=1 (full 0):
 garbage-first heap   total 131072K, used 27664K [0x0000000081a00000, 0x0000000100000000)
  region size 1024K, 24 young (24576K), 3 survivors (3072K)
 Metaspace       used 18052K, capacity 18632K, committed 18944K, reserved 1067008K
  class space    used 2005K, capacity 2223K, committed 2304K, reserved 1048576K
}
Event: 2.246 GC heap after
{Heap after GC invocations=2 (full 0):
 garbage-first heap   total 131072K, used 7717K [0x0000000081a00000, 0x0000000100000000)
  region size 1024K, 2 young (2048K), 2 survivors (2048K)
 Metaspace       used 18052K, capacity 18632K, committed 18944K, reserved 1067008K
  class space    used 2005K, capacity 2223K, committed 2304K, reserved 1048576K
}
Event: 2.406 GC heap before
{Heap before GC invocations=2 (full 0):
 garbage-first heap   total 131072K, used 21029K [0x0000000081a00000, 0x0000000100000000)
  region size 1024K, 16 young (16384K), 2 survivors (2048K)
 Metaspace       used 20472K, capacity 21109K, committed 21296K, reserved 1069056K
  class space    used 2336K, capacity 2585K, committed 2688K, reserved 1048576K
}
Event: 2.410 GC heap after
{Heap after GC invocations=3 (full 0):
 garbage-first heap   total 131072K, used 8363K [0x0000000081a00000, 0x0000000100000000)
  region size 1024K, 2 young (2048K), 2 survivors (2048K)
 Metaspace       used 20472K, capacity 21109K, committed 21296K, reserved 1069056K
  class space    used 2336K, capacity 2585K, committed 2688K, reserved 1048576K
}
Event: 3.101 GC heap before
{Heap before GC invocations=4 (full 0):
 garbage-first heap   total 131072K, used 64683K [0x0000000081a00000, 0x0000000100000000)
  region size 1024K, 58 young (59392K), 2 survivors (2048K)
 Metaspace       used 27560K, capacity 28535K, committed 28720K, reserved 1075200K
  class space    used 3301K, capacity 3684K, committed 3712K, reserved 1048576K
}
Event: 3.107 GC heap after
{Heap after GC invocations=5 (full 0):
 garbage-first heap   total 131072K, used 10760K [0x0000000081a00000, 0x0000000100000000)
  region size 1024K, 5 young (5120K), 5 survivors (5120K)
 Metaspace       used 27560K, capacity 28535K, committed 28720K, reserved 1075200K
  class space    used 3301K, capacity 3684K, committed 3712K, reserved 1048576K
}
Event: 4.007 GC heap before
{Heap before GC invocations=5 (full 0):
 garbage-first heap   total 131072K, used 76296K [0x0000000081a00000, 0x0000000100000000)
  region size 1024K, 69 young (70656K), 5 survivors (5120K)
 Metaspace       used 33923K, capacity 35197K, committed 35376K, reserved 1079296K
  class space    used 4143K, capacity 4641K, committed 4736K, reserved 1048576K
}
Event: 4.014 GC heap after
{Heap after GC invocations=6 (full 0):
 garbage-first heap   total 131072K, used 14465K [0x0000000081a00000, 0x0000000100000000)
  region size 1024K, 8 young (8192K), 8 survivors (8192K)
 Metaspace       used 33923K, capacity 35197K, committed 35376K, reserved 1079296K
  class space    used 4143K, capacity 4641K, committed 4736K, reserved 1048576K
}
Event: 4.073 GC heap before
{Heap before GC invocations=6 (full 0):
 garbage-first heap   total 131072K, used 18561K [0x0000000081a00000, 0x0000000100000000)
  region size 1024K, 13 young (13312K), 8 survivors (8192K)
 Metaspace       used 34483K, capacity 35848K, committed 35888K, reserved 1081344K
  class space    used 4215K, capacity 4730K, committed 4736K, reserved 1048576K
}
Event: 4.081 GC heap after
{Heap after GC invocations=7 (full 0):
 garbage-first heap   total 131072K, used 13997K [0x0000000081a00000, 0x0000000100000000)
  region size 1024K, 4 young (4096K), 4 survivors (4096K)
 Metaspace       used 34483K, capacity 35848K, committed 35888K, reserved 1081344K
  class space    used 4215K, capacity 4730K, committed 4736K, reserved 1048576K
}
Event: 5.367 GC heap before
{Heap before GC invocations=8 (full 0):
 garbage-first heap   total 131072K, used 74413K [0x0000000081a00000, 0x0000000100000000)
  region size 1024K, 63 young (64512K), 4 survivors (4096K)
 Metaspace       used 37444K, capacity 38835K, committed 39068K, reserved 1083392K
  class space    used 4520K, capacity 5038K, committed 5120K, reserved 1048576K
}
Event: 5.372 GC heap after
{Heap after GC invocations=9 (full 0):
 garbage-first heap   total 131072K, used 14449K [0x0000000081a00000, 0x0000000100000000)
  region size 1024K, 5 young (5120K), 5 survivors (5120K)
 Metaspace       used 37444K, capacity 38835K, committed 39068K, reserved 1083392K
  class space    used 4520K, capacity 5038K, committed 5120K, reserved 1048576K
}
Event: 7.973 GC heap before
{Heap before GC invocations=9 (full 0):
 garbage-first heap   total 131072K, used 78961K [0x0000000081a00000, 0x0000000100000000)
  region size 1024K, 68 young (69632K), 5 survivors (5120K)
 Metaspace       used 38784K, capacity 40159K, committed 40476K, reserved 1085440K
  class space    used 4686K, capacity 5202K, committed 5248K, reserved 1048576K
}
Event: 7.977 GC heap after
{Heap after GC invocations=10 (full 0):
 garbage-first heap   total 131072K, used 14726K [0x0000000081a00000, 0x0000000100000000)
  region size 1024K, 5 young (5120K), 5 survivors (5120K)
 Metaspace       used 38784K, capacity 40159K, committed 40476K, reserved 1085440K
  class space    used 4686K, capacity 5202K, committed 5248K, reserved 1048576K
}

