# JRE version: OpenJDK Runtime Environment (11.0.6+8) (build 11.0.6+8-b520.66)
# Java VM: OpenJDK 64-Bit Server VM (11.0.6+8-b520.66, mixed mode, tiered, compressed oops, g1 gc, windows-amd64)
Heap:
 garbage-first heap   total 131072K, used 42523K [0x0000000081a00000, 0x0000000100000000)
  region size 1024K, 28 young (28672K), 5 survivors (5120K)
 Metaspace       used 44533K, capacity 46149K, committed 46256K, reserved 1089536K
  class space    used 5373K, capacity 6056K, committed 6144K, reserved 1048576K
GC Heap History (16 events):
Event: 3.010 GC heap before
{Heap before GC invocations=0 (full 0):
 garbage-first heap   total 131072K, used 23552K [0x0000000081a00000, 0x0000000100000000)
  region size 1024K, 24 young (24576K), 0 survivors (0K)
 Metaspace       used 13690K, capacity 14006K, committed 14080K, reserved 1062912K
  class space    used 1417K, capacity 1520K, committed 1536K, reserved 1048576K
}
Event: 3.017 GC heap after
{Heap after GC invocations=1 (full 0):
 garbage-first heap   total 131072K, used 6056K [0x0000000081a00000, 0x0000000100000000)
  region size 1024K, 3 young (3072K), 3 survivors (3072K)
 Metaspace       used 13690K, capacity 14006K, committed 14080K, reserved 1062912K
  class space    used 1417K, capacity 1520K, committed 1536K, reserved 1048576K
}
Event: 3.394 GC heap before
{Heap before GC invocations=1 (full 0):
 garbage-first heap   total 131072K, used 25512K [0x0000000081a00000, 0x0000000100000000)
  region size 1024K, 22 young (22528K), 3 survivors (3072K)
 Metaspace       used 17863K, capacity 18461K, committed 18688K, reserved 1064960K
  class space    used 1975K, capacity 2187K, committed 2304K, reserved 1048576K
}
Event: 3.399 GC heap after
{Heap after GC invocations=2 (full 0):
 garbage-first heap   total 131072K, used 7750K [0x0000000081a00000, 0x0000000100000000)
  region size 1024K, 2 young (2048K), 2 survivors (2048K)
 Metaspace       used 17863K, capacity 18461K, committed 18688K, reserved 1064960K
  class space    used 1975K, capacity 2187K, committed 2304K, reserved 1048576K
}
Event: 3.649 GC heap before
{Heap before GC invocations=2 (full 0):
 garbage-first heap   total 131072K, used 22086K [0x0000000081a00000, 0x0000000100000000)
  region size 1024K, 18 young (18432K), 2 survivors (2048K)
 Metaspace       used 20478K, capacity 21112K, committed 21296K, reserved 1069056K
  class space    used 2344K, capacity 2586K, committed 2688K, reserved 1048576K
}
Event: 3.653 GC heap after
{Heap after GC invocations=3 (full 0):
 garbage-first heap   total 131072K, used 8400K [0x0000000081a00000, 0x0000000100000000)
  region size 1024K, 3 young (3072K), 3 survivors (3072K)
 Metaspace       used 20478K, capacity 21112K, committed 21296K, reserved 1069056K
  class space    used 2344K, capacity 2586K, committed 2688K, reserved 1048576K
}
Event: 4.507 GC heap before
{Heap before GC invocations=4 (full 0):
 garbage-first heap   total 131072K, used 62672K [0x0000000081a00000, 0x0000000100000000)
  region size 1024K, 57 young (58368K), 3 survivors (3072K)
 Metaspace       used 27042K, capacity 28017K, committed 28208K, reserved 1073152K
  class space    used 3244K, capacity 3618K, committed 3712K, reserved 1048576K
}
Event: 4.514 GC heap after
{Heap after GC invocations=5 (full 0):
 garbage-first heap   total 131072K, used 10607K [0x0000000081a00000, 0x0000000100000000)
  region size 1024K, 5 young (5120K), 5 survivors (5120K)
 Metaspace       used 27042K, capacity 28017K, committed 28208K, reserved 1073152K
  class space    used 3244K, capacity 3618K, committed 3712K, reserved 1048576K
}
Event: 5.975 GC heap before
{Heap before GC invocations=5 (full 0):
 garbage-first heap   total 131072K, used 83311K [0x0000000081a00000, 0x0000000100000000)
  region size 1024K, 76 young (77824K), 5 survivors (5120K)
 Metaspace       used 34329K, capacity 35703K, committed 35888K, reserved 1081344K
  class space    used 4191K, capacity 4724K, committed 4736K, reserved 1048576K
}
Event: 5.983 GC heap after
{Heap after GC invocations=6 (full 0):
 garbage-first heap   total 131072K, used 14694K [0x0000000081a00000, 0x0000000100000000)
  region size 1024K, 9 young (9216K), 9 survivors (9216K)
 Metaspace       used 34329K, capacity 35703K, committed 35888K, reserved 1081344K
  class space    used 4191K, capacity 4724K, committed 4736K, reserved 1048576K
}
Event: 6.028 GC heap before
{Heap before GC invocations=6 (full 0):
 garbage-first heap   total 131072K, used 15718K [0x0000000081a00000, 0x0000000100000000)
  region size 1024K, 11 young (11264K), 9 survivors (9216K)
 Metaspace       used 34517K, capacity 35848K, committed 35888K, reserved 1081344K
  class space    used 4209K, capacity 4730K, committed 4736K, reserved 1048576K
}
Event: 6.039 GC heap after
{Heap after GC invocations=7 (full 0):
 garbage-first heap   total 131072K, used 14076K [0x0000000081a00000, 0x0000000100000000)
  region size 1024K, 5 young (5120K), 5 survivors (5120K)
 Metaspace       used 34517K, capacity 35848K, committed 35888K, reserved 1081344K
  class space    used 4209K, capacity 4730K, committed 4736K, reserved 1048576K
}
Event: 7.797 GC heap before
{Heap before GC invocations=8 (full 0):
 garbage-first heap   total 131072K, used 86780K [0x0000000081a00000, 0x0000000100000000)
  region size 1024K, 76 young (77824K), 5 survivors (5120K)
 Metaspace       used 37536K, capacity 38899K, committed 39088K, reserved 1083392K
  class space    used 4524K, capacity 5038K, committed 5120K, reserved 1048576K
}
Event: 7.801 GC heap after
{Heap after GC invocations=9 (full 0):
 garbage-first heap   total 131072K, used 14570K [0x0000000081a00000, 0x0000000100000000)
  region size 1024K, 5 young (5120K), 5 survivors (5120K)
 Metaspace       used 37536K, capacity 38899K, committed 39088K, reserved 1083392K
  class space    used 4524K, capacity 5038K, committed 5120K, reserved 1048576K
}
Event: 11.257 GC heap before
{Heap before GC invocations=9 (full 0):
 garbage-first heap   total 131072K, used 87274K [0x0000000081a00000, 0x0000000100000000)
  region size 1024K, 76 young (77824K), 5 survivors (5120K)
 Metaspace       used 38951K, capacity 40307K, committed 40496K, reserved 1085440K
  class space    used 4708K, capacity 5230K, committed 5248K, reserved 1048576K
}
Event: 11.262 GC heap after
{Heap after GC invocations=10 (full 0):
 garbage-first heap   total 131072K, used 14875K [0x0000000081a00000, 0x0000000100000000)
  region size 1024K, 5 young (5120K), 5 survivors (5120K)
 Metaspace       used 38951K, capacity 40307K, committed 40496K, reserved 1085440K
  class space    used 4708K, capacity 5230K, committed 5248K, reserved 1048576K
}

